#
# A fatal error has been detected by the Java Runtime Environment:
#
#  EXCEPTION_ACCESS_VIOLATION (0xc0000005) at pc=0x00007ffe3e5e0c80, pid=36692, tid=42880
#
# JRE version: OpenJDK Runtime Environment AdoptOpenJDK (15.0.2+7) (build 15.0.2+7)
# Java VM: OpenJDK 64-Bit Server VM AdoptOpenJDK (15.0.2+7, mixed mode, sharing, tiered, compressed oops, parallel gc, windows-amd64)
# Problematic frame:
# V  [jvm.dll+0x290c80]
#
# No core dump will be written. Minidumps are not enabled by default on client versions of Windows
#
# If you would like to submit a bug report, please visit:
#   https://github.com/AdoptOpenJDK/openjdk-support/issues
#

---------------  S U M M A R Y ------------

Command Line: --add-modules=ALL-SYSTEM --add-opens=java.base/java.util=ALL-UNNAMED --add-opens=java.base/java.lang=ALL-UNNAMED -Declipse.application=org.eclipse.jdt.ls.core.id1 -Dosgi.bundles.defaultStartLevel=4 -Declipse.product=org.eclipse.jdt.ls.core.product -Dfile.encoding=utf8 -DwatchParentProcess=false -XX:+UseParallelGC -XX:GCTimeRatio=4 -XX:AdaptiveSizePolicyWeight=90 -Dsun.zip.disableMemoryMapping=true -Xmx1G -Xms100m c:\Users\adeel\.vscode\extensions\redhat.java-1.0.0\server\plugins\org.eclipse.equinox.launcher_1.6.400.v20210924-0641.jar -configuration c:\Users\adeel\AppData\Roaming\Code\User\globalStorage\redhat.java\1.0.0\config_win -data c:\Users\adeel\AppData\Roaming\Code\User\workspaceStorage\23a90b3420f26237c3f87426d95d8ea5\redhat.java\jdt_ws

Host: Intel(R) Core(TM) i5-8600K CPU @ 3.60GHz, 6 cores, 15G,  Windows 10 , 64 bit Build 19041 (10.0.19041.1202)
Time: Thu Oct 28 14:18:33 2021 Västeuropa, sommartid elapsed time: 14448.731588 seconds (0d 4h 0m 48s)

---------------  T H R E A D  ---------------

Current thread (0x000001974b464e00):  GCTaskThread "GC Thread#2" [stack: 0x000000272e600000,0x000000272e700000] [id=42880]

Stack: [0x000000272e600000,0x000000272e700000],  sp=0x000000272e6ff8b0,  free space=1022k
Native frames: (J=compiled Java code, j=interpreted, Vv=VM code, C=native code)
V  [jvm.dll+0x290c80]
V  [jvm.dll+0x637728]
V  [jvm.dll+0x637aec]
V  [jvm.dll+0x7c4890]
V  [jvm.dll+0x754aca]
V  [jvm.dll+0x5f67e6]
C  [ucrtbase.dll+0x21bb2]
C  [KERNEL32.DLL+0x17034]
C  [ntdll.dll+0x52651]


siginfo: EXCEPTION_ACCESS_VIOLATION (0xc0000005), data execution prevention violation at address 0x00007ffe00000000


Register to memory mapping:

RIP=0x00007ffe3e5e0c80 jvm.dll
RAX=0x002ab7b2000067fc is an unknown value
RBX=0x0000000000000020 is an unknown value
RCX=0x0000019749b3e9e0 points into unknown readable memory: 0x0000000000000000 | 00 00 00 00 00 00 00 00
RDX=0x0000019749b403e0 points into unknown readable memory: 0x0000000000000000 | 00 00 00 00 00 00 00 00
RSP=0x000000272e6ff8b0 points into unknown readable memory: 0x002d37b2000158c5 | c5 58 01 00 b2 37 2d 00
RBP=0x000001972fd33a30 points into unknown readable memory: 0x00007ffe3ebe8690 | 90 86 be 3e fe 7f 00 00
RSI=0x0000000000000003 is an unknown value
RDI=0x0000019749b3fd60 points into unknown readable memory: 0x0000000000000000 | 00 00 00 00 00 00 00 00
R8 =0x0 is NULL
R9 =0x0000000000000004 is an unknown value
R10=0x0000000000000010 is an unknown value
R11=0x0 is NULL
R12=0x000000272e6ff960 points into unknown readable memory: 0x0000000000000000 | 00 00 00 00 00 00 00 00
R13=0x0 is NULL
R14=0x0000000000000004 is an unknown value
R15=0x0 is NULL


Registers:
RAX=0x002ab7b2000067fc, RBX=0x0000000000000020, RCX=0x0000019749b3e9e0, RDX=0x0000019749b403e0
RSP=0x000000272e6ff8b0, RBP=0x000001972fd33a30, RSI=0x0000000000000003, RDI=0x0000019749b3fd60
R8 =0x0000000000000000, R9 =0x0000000000000004, R10=0x0000000000000010, R11=0x0000000000000000
R12=0x000000272e6ff960, R13=0x0000000000000000, R14=0x0000000000000004, R15=0x0000000000000000
RIP=0x00007ffe3e5e0c80, EFLAGS=0x0000000000010202

Top of Stack: (sp=0x000000272e6ff8b0)
0x000000272e6ff8b0:   002d37b2000158c5 0000019749b3fd00
0x000000272e6ff8c0:   00007ffe3ec3cf18 0000019749b3fd00
0x000000272e6ff8d0:   002ab7b2000067fb 000001974b57d578
0x000000272e6ff8e0:   000001974b57d578 000001974b57d1a0
0x000000272e6ff8f0:   000001974bd3d520 0000000000000003
0x000000272e6ff900:   0000000000000003 000000272d8fee58
0x000000272e6ff910:   0000000000000000 00007ffe3e987728
0x000000272e6ff920:   0000019749b3fd00 0000019749b3fd00
0x000000272e6ff930:   002d37b3000158c5 0000000000000003
0x000000272e6ff940:   000000272d8fee10 00007ffe3e987aec
0x000000272e6ff950:   000001974b464e00 000000272e6ffa09
0x000000272e6ff960:   0000000000000000 000001974b57d190
0x000000272e6ff970:   0000019749b3fd00 0000000000000003
0x000000272e6ff980:   00007ffe00000006 00007ffe3ee17ab0
0x000000272e6ff990:   00007ffe3ec3cf18 0000019749b3fd00
0x000000272e6ff9a0:   000001974b57d190 000001974b57d1a0 

Instructions: (pc=0x00007ffe3e5e0c80)
0x00007ffe3e5e0b80:   0c 03 8b 81 00 01 00 00 44 8b 91 80 00 00 00 44
0x00007ffe3e5e0b90:   2b d0 8b c2 41 81 e2 ff ff 01 00 41 81 fa ff ff
0x00007ffe3e5e0ba0:   01 00 45 0f 44 d5 4c 8d 1c c5 00 00 00 00 48 8b
0x00007ffe3e5e0bb0:   45 10 49 8b 0c 03 8b 81 00 01 00 00 44 8b 81 80
0x00007ffe3e5e0bc0:   00 00 00 44 2b c0 32 c0 41 81 e0 ff ff 01 00 41
0x00007ffe3e5e0bd0:   81 f8 ff ff 01 00 45 0f 44 c5 45 3b c2 0f 86 82
0x00007ffe3e5e0be0:   00 00 00 48 8b 45 10 44 8b f2 49 8b 14 03 48 8b
0x00007ffe3e5e0bf0:   82 00 01 00 00 48 89 44 24 20 8b 82 80 00 00 00
0x00007ffe3e5e0c00:   48 8b 5c 24 20 2b c3 25 ff ff 01 00 3d ff ff 01
0x00007ffe3e5e0c10:   00 41 0f 44 c5 85 c0 75 12 41 be ff ff ff ff 44
0x00007ffe3e5e0c20:   89 b7 00 02 00 00 e9 0d 01 00 00 48 8b 82 80 01
0x00007ffe3e5e0c30:   00 00 8b cb 48 8b 0c c8 8d 43 01 25 ff ff 01 00
0x00007ffe3e5e0c40:   49 89 0c 24 89 44 24 70 41 8b cd 0f 94 c1 48 8b
0x00007ffe3e5e0c50:   c3 48 c1 e8 20 03 c8 89 4c 24 74 48 8b 4c 24 70
0x00007ffe3e5e0c60:   e9 8f 00 00 00 45 85 d2 0f 84 9f 00 00 00 48 8b
0x00007ffe3e5e0c70:   45 10 45 8b f1 48 8b 14 03 48 8b 82 00 01 00 00
0x00007ffe3e5e0c80:   48 89 44 24 28 8b 82 80 00 00 00 48 8b 5c 24 28
0x00007ffe3e5e0c90:   2b c3 25 ff ff 01 00 3d ff ff 01 00 41 0f 44 c5
0x00007ffe3e5e0ca0:   85 c0 75 12 41 be ff ff ff ff 44 89 b7 00 02 00
0x00007ffe3e5e0cb0:   00 e9 82 00 00 00 48 8b 82 80 01 00 00 8b cb 48
0x00007ffe3e5e0cc0:   8b 0c c8 8d 43 01 25 ff ff 01 00 49 89 0c 24 89
0x00007ffe3e5e0cd0:   84 24 88 00 00 00 41 8b cd 0f 94 c1 48 8b c3 48
0x00007ffe3e5e0ce0:   c1 e8 20 03 c8 89 8c 24 8c 00 00 00 48 8b 8c 24
0x00007ffe3e5e0cf0:   88 00 00 00 48 8b 05 1d c1 7a 00 4c 8b c3 48 81
0x00007ffe3e5e0d00:   c2 00 01 00 00 ff d0 48 3b c3 0f 94 c0 84 c0 75
0x00007ffe3e5e0d10:   06 41 be ff ff ff ff 44 89 b7 00 02 00 00 eb 18
0x00007ffe3e5e0d20:   75 1a 48 8b 4d 10 8d 46 ff 83 e0 01 49 8b d4 48
0x00007ffe3e5e0d30:   8b 0c c1 e8 58 dd ff ff 84 c0 75 29 8b 4d 08 41
0x00007ffe3e5e0d40:   ff c7 8d 04 09 44 3b f8 0f 82 62 fd ff ff 32 c0
0x00007ffe3e5e0d50:   48 8b 5c 24 78 48 83 c4 30 41 5f 41 5e 41 5d 41
0x00007ffe3e5e0d60:   5c 5f 5e 5d c3 b0 01 eb e7 cc cc cc cc cc cc cc
0x00007ffe3e5e0d70:   40 53 48 83 ec 20 48 8b d9 48 8b 89 a0 03 00 00 


Stack slot to memory mapping:
stack at sp + 0 slots: 0x002d37b2000158c5 is an unknown value
stack at sp + 1 slots: 0x0000019749b3fd00 points into unknown readable memory: 0x00007ffe3ec3cd88 | 88 cd c3 3e fe 7f 00 00
stack at sp + 2 slots: 0x00007ffe3ec3cf18 jvm.dll
stack at sp + 3 slots: 0x0000019749b3fd00 points into unknown readable memory: 0x00007ffe3ec3cd88 | 88 cd c3 3e fe 7f 00 00
stack at sp + 4 slots: 0x002ab7b2000067fb is an unknown value
stack at sp + 5 slots: 0x000001974b57d578 points into unknown readable memory: 0x880001979b8845cf | cf 45 88 9b 97 01 00 88
stack at sp + 6 slots: 0x000001974b57d578 points into unknown readable memory: 0x880001979b8845cf | cf 45 88 9b 97 01 00 88
stack at sp + 7 slots: 0x000001974b57d1a0 points into unknown readable memory: 0x00000197533cb704 | 04 b7 3c 53 97 01 00 00


---------------  P R O C E S S  ---------------

Threads class SMR info:
_java_thread_list=0x000001974ea5c5f0, length=31, elements={
0x000001972fc8d960, 0x000001972fd6c250, 0x000001972fd6d150, 0x0000019749b5af00,
0x0000019749b5b8c0, 0x0000019749b5d290, 0x0000019749b5ff90, 0x0000019749b619a0,
0x000001974b348010, 0x000001974b3a89a0, 0x000001974b510f80, 0x000001974bd46360,
0x000001974bd774d0, 0x000001974bd779a0, 0x000001974bd901a0, 0x000001974c87a250,
0x000001974ca8a840, 0x000001974cdd5220, 0x000001974cdd3540, 0x000001974f7d2a00,
0x000001974cdd3ee0, 0x000001975ca86040, 0x000001974b9e21f0, 0x000001974f7d6890,
0x000001975ca84830, 0x000001975ca856a0, 0x000001975ca86510, 0x000001975ca82b50,
0x000001975ca81ce0, 0x000001974b9e8bd0, 0x000001974b9e9570
}

Java Threads: ( => current thread )
  0x000001972fc8d960 JavaThread "main" [_thread_blocked, id=36412, stack(0x000000272d600000,0x000000272d700000)]
  0x000001972fd6c250 JavaThread "Reference Handler" daemon [_thread_blocked, id=26636, stack(0x000000272d900000,0x000000272da00000)]
  0x000001972fd6d150 JavaThread "Finalizer" daemon [_thread_blocked, id=39380, stack(0x000000272da00000,0x000000272db00000)]
  0x0000019749b5af00 JavaThread "Signal Dispatcher" daemon [_thread_blocked, id=29100, stack(0x000000272db00000,0x000000272dc00000)]
  0x0000019749b5b8c0 JavaThread "Attach Listener" daemon [_thread_blocked, id=35836, stack(0x000000272dc00000,0x000000272dd00000)]
  0x0000019749b5d290 JavaThread "Service Thread" daemon [_thread_blocked, id=39004, stack(0x000000272dd00000,0x000000272de00000)]
  0x0000019749b5ff90 JavaThread "C2 CompilerThread0" daemon [_thread_blocked, id=9308, stack(0x000000272de00000,0x000000272df00000)]
  0x0000019749b619a0 JavaThread "C1 CompilerThread0" daemon [_thread_blocked, id=42232, stack(0x000000272df00000,0x000000272e000000)]
  0x000001974b348010 JavaThread "Sweeper thread" daemon [_thread_blocked, id=41012, stack(0x000000272e000000,0x000000272e100000)]
  0x000001974b3a89a0 JavaThread "Common-Cleaner" daemon [_thread_blocked, id=29560, stack(0x000000272e100000,0x000000272e200000)]
  0x000001974b510f80 JavaThread "Notification Thread" daemon [_thread_blocked, id=39124, stack(0x000000272e200000,0x000000272e300000)]
  0x000001974bd46360 JavaThread "Active Thread: Equinox Container: f07e91d4-7a53-4acc-bd90-a705bcb85ed7" [_thread_blocked, id=30156, stack(0x000000272e500000,0x000000272e600000)]
  0x000001974bd774d0 JavaThread "Framework Event Dispatcher: Equinox Container: f07e91d4-7a53-4acc-bd90-a705bcb85ed7" daemon [_thread_blocked, id=33968, stack(0x000000272e800000,0x000000272e900000)]
  0x000001974bd779a0 JavaThread "Start Level: Equinox Container: f07e91d4-7a53-4acc-bd90-a705bcb85ed7" daemon [_thread_blocked, id=43756, stack(0x000000272e900000,0x000000272ea00000)]
  0x000001974bd901a0 JavaThread "SCR Component Actor" daemon [_thread_blocked, id=32268, stack(0x000000272ea00000,0x000000272eb00000)]
  0x000001974c87a250 JavaThread "Worker-JM" [_thread_blocked, id=39712, stack(0x000000272ec00000,0x000000272ed00000)]
  0x000001974ca8a840 JavaThread "Java indexing" daemon [_thread_blocked, id=24432, stack(0x000000272f100000,0x000000272f200000)]
  0x000001974cdd5220 JavaThread "Bundle File Closer" daemon [_thread_blocked, id=42248, stack(0x000000272f300000,0x000000272f400000)]
  0x000001974cdd3540 JavaThread "pool-2-thread-1" [_thread_in_native, id=28992, stack(0x000000272f200000,0x000000272f300000)]
  0x000001974f7d2a00 JavaThread "Java Debug Server" daemon [_thread_in_native, id=15712, stack(0x000000272ed00000,0x000000272ee00000)]
  0x000001974cdd3ee0 JavaThread "RxSchedulerPurge-1" daemon [_thread_blocked, id=35680, stack(0x000000272f800000,0x000000272f900000)]
  0x000001975ca86040 JavaThread "RxCachedWorkerPoolEvictor-1" daemon [_thread_blocked, id=17400, stack(0x000000272f900000,0x000000272fa00000)]
  0x000001974b9e21f0 JavaThread "Worker-18: Building" [_thread_blocked, id=36628, stack(0x000000272fe00000,0x000000272ff00000)]
  0x000001974f7d6890 JavaThread "Keep-Alive-SocketCleaner" daemon [_thread_blocked, id=29564, stack(0x000000272ff00000,0x0000002730000000)]
  0x000001975ca84830 JavaThread "Worker-21" [_thread_blocked, id=34060, stack(0x0000002730000000,0x0000002730100000)]
  0x000001975ca856a0 JavaThread "ForkJoinPool.commonPool-worker-21" daemon [_thread_blocked, id=39092, stack(0x000000272d300000,0x000000272d400000)]
  0x000001975ca86510 JavaThread "ForkJoinPool.commonPool-worker-7" daemon [_thread_blocked, id=37420, stack(0x000000272d400000,0x000000272d500000)]
  0x000001975ca82b50 JavaThread "ForkJoinPool.commonPool-worker-11" daemon [_thread_blocked, id=32216, stack(0x000000272f000000,0x000000272f100000)]
  0x000001975ca81ce0 JavaThread "ForkJoinPool.commonPool-worker-15" daemon [_thread_blocked, id=33372, stack(0x000000272f500000,0x000000272f600000)]
  0x000001974b9e8bd0 JavaThread "ForkJoinPool.commonPool-worker-19" daemon [_thread_blocked, id=27784, stack(0x000000272f700000,0x000000272f800000)]
  0x000001974b9e9570 JavaThread "Compiler Processing Task" daemon [_thread_blocked, id=2248, stack(0x000000272d500000,0x000000272d600000)]

Other Threads:
  0x0000019749b42090 VMThread "VM Thread" [stack: 0x000000272d800000,0x000000272d900000] [id=40048]
  0x000001974b511450 WatcherThread [stack: 0x000000272e300000,0x000000272e400000] [id=42568]
  0x000001972fca4c50 GCTaskThread "GC Thread#0" [stack: 0x000000272d700000,0x000000272d800000] [id=39640]
  0x000001974b4627c0 GCTaskThread "GC Thread#1" [stack: 0x000000272e400000,0x000000272e500000] [id=8912]
=>0x000001974b464e00 GCTaskThread "GC Thread#2" [stack: 0x000000272e600000,0x000000272e700000] [id=42880]
  0x000001974b462af0 GCTaskThread "GC Thread#3" [stack: 0x000000272e700000,0x000000272e800000] [id=14688]
  0x000001974ca3b6b0 GCTaskThread "GC Thread#4" [stack: 0x000000272ee00000,0x000000272ef00000] [id=38408]
  0x000001974ca3b9e0 GCTaskThread "GC Thread#5" [stack: 0x000000272ef00000,0x000000272f000000] [id=35308]

Threads with active compile tasks:

VM state: at safepoint (normal execution)

VM Mutex/Monitor currently owned by a thread:  ([mutex/lock_event])
[0x000001972fc890e0] Threads_lock - owner thread: 0x0000019749b42090
[0x000001972fc88a20] Heap_lock - owner thread: 0x000001975ca86510

Heap address: 0x00000000c0000000, size: 1024 MB, Compressed Oops mode: 32-bit
CDS archive(s) mapped at: [0x0000000800000000-0x0000000800b50000-0x0000000800b50000), size 11862016, SharedBaseAddress: 0x0000000800000000, ArchiveRelocationMode: 0.
Compressed class space mapped at: 0x0000000800b50000-0x0000000840b50000, size: 1073741824
Narrow klass base: 0x0000000800000000, Narrow klass shift: 3, Narrow klass range: 0x100000000

GC Precious Log:
 CPUs: 6 total, 6 available
 Memory: 16319M
 Large Page Support: Disabled
 NUMA Support: Disabled
 Compressed Oops: Enabled (32-bit)
 Heap Min Capacity: 100M
 Heap Initial Capacity: 100M
 Heap Max Capacity: 1G
 Pre-touch: Disabled
 Parallel Workers: 6

Heap:
 PSYoungGen      total 9728K, used 4096K [0x00000000eab00000, 0x00000000eba00000, 0x0000000100000000)
  eden space 4096K, 100% used [0x00000000eab00000,0x00000000eaf00000,0x00000000eaf00000)
  from space 5632K, 0% used [0x00000000eb480000,0x00000000eb480000,0x00000000eba00000)
  to   space 5632K, 34% used [0x00000000eaf00000,0x00000000eb0e0010,0x00000000eb480000)
 ParOldGen       total 168448K, used 145649K [0x00000000c0000000, 0x00000000ca480000, 0x00000000eab00000)
  object space 168448K, 86% used [0x00000000c0000000,0x00000000c8e3c6f0,0x00000000ca480000)
 Metaspace       used 84807K, capacity 87772K, committed 88112K, reserved 1128448K
  class space    used 7957K, capacity 8969K, committed 9088K, reserved 1048576K

Card table byte_map: [0x000001972f670000,0x000001972f880000] _byte_map_base: 0x000001972f070000

Marking Bits: (ParMarkBitMap*) 0x00007ffe3ee17ab0
 Begin Bits: [0x00000197471a0000, 0x00000197481a0000)
 End Bits:   [0x00000197481a0000, 0x00000197491a0000)

Polling page: 0x000001972de40000

Metaspace:

Usage:
  Non-class:     76.96 MB capacity,    75.05 MB ( 98%) used,     1.80 MB (  2%) free+waste,   108.69 KB ( <1%) overhead. 
      Class:      8.76 MB capacity,     7.77 MB ( 89%) used,   971.63 KB ( 11%) free+waste,    40.25 KB ( <1%) overhead. 
       Both:     85.71 MB capacity,    82.82 MB ( 97%) used,     2.75 MB (  3%) free+waste,   148.94 KB ( <1%) overhead. 

Virtual space:
  Non-class space:       78.00 MB reserved,      77.17 MB ( 99%) committed 
      Class space:        1.00 GB reserved,       8.88 MB ( <1%) committed 
             Both:        1.08 GB reserved,      86.05 MB (  8%) committed 

Chunk freelists:
   Non-Class:  29.00 KB
       Class:  23.00 KB
        Both:  52.00 KB

MaxMetaspaceSize: 17179869184.00 GB
CompressedClassSpaceSize: 1.00 GB

CodeHeap 'non-profiled nmethods': size=120000Kb used=25595Kb max_used=25595Kb free=94404Kb
 bounds [0x000001973fc70000, 0x0000019741570000, 0x00000197471a0000]
CodeHeap 'profiled nmethods': size=120000Kb used=36942Kb max_used=38175Kb free=83057Kb
 bounds [0x0000019738740000, 0x000001973acb0000, 0x000001973fc70000]
CodeHeap 'non-nmethods': size=5760Kb used=1450Kb max_used=1572Kb free=4309Kb
 bounds [0x00000197381a0000, 0x0000019738410000, 0x0000019738740000]
 total_blobs=19222 nmethods=18459 adapters=670
 compilation: enabled
              stopped_count=0, restarted_count=0
 full_count=0

Compilation events (20 events):
Event: 14420.302 Thread 0x0000019749b5ff90 27547       4       org.eclipse.jdt.core.search.SearchPattern::clone (8 bytes)
Event: 14420.304 Thread 0x0000019749b5ff90 nmethod 27547 0x000001974156e010 code [0x000001974156e1a0, 0x000001974156e348]
Event: 14429.089 Thread 0x0000019749b5ff90 27548       4       org.eclipse.jdt.internal.core.TypeVector::contains (52 bytes)
Event: 14429.090 Thread 0x0000019749b5ff90 nmethod 27548 0x000001974156e490 code [0x000001974156e620, 0x000001974156e778]
Event: 14429.090 Thread 0x0000019749b5ff90 27549       4       org.eclipse.jdt.internal.core.TypeVector::constructElementSetIfNecessary (66 bytes)
Event: 14429.090 Thread 0x0000019749b5ff90 nmethod 27549 0x000001974156e910 code [0x000001974156ea80, 0x000001974156eb38]
Event: 14430.656 Thread 0x0000019749b619a0 27550   !   3       jdk.internal.reflect.GeneratedConstructorAccessor52::newInstance (49 bytes)
Event: 14430.656 Thread 0x0000019749b619a0 nmethod 27550 0x000001973a6fc710 code [0x000001973a6fc920, 0x000001973a6fcec8]
Event: 14430.656 Thread 0x0000019749b619a0 27551   !   3       jdk.internal.reflect.GeneratedMethodAccessor17::invoke (67 bytes)
Event: 14430.660 Thread 0x0000019749b619a0 nmethod 27551 0x0000019739bdba10 code [0x0000019739bdbc40, 0x0000019739bdc418]
Event: 14447.712 Thread 0x0000019749b5ff90 27552       4       org.eclipse.core.internal.events.BuildCommand::maskForTrigger (67 bytes)
Event: 14447.712 Thread 0x0000019749b5ff90 nmethod 27552 0x000001974156ec10 code [0x000001974156ed80, 0x000001974156edd8]
Event: 14448.576 Thread 0x0000019749b619a0 27553       3       org.eclipse.core.internal.filebuffers.ResourceTextFileBuffer::removeFileBufferContentListeners (21 bytes)
Event: 14448.576 Thread 0x0000019749b619a0 nmethod 27553 0x000001973a4cd810 code [0x000001973a4cd9c0, 0x000001973a4cdbc8]
Event: 14448.576 Thread 0x0000019749b619a0 27554   !   3       org.eclipse.core.internal.filebuffers.ResourceTextFileBuffer::dispose (46 bytes)
Event: 14448.577 Thread 0x0000019749b619a0 nmethod 27554 0x0000019739bdb290 code [0x0000019739bdb460, 0x0000019739bdb758]
Event: 14448.577 Thread 0x0000019749b619a0 27555       3       org.eclipse.jface.text.AbstractDocument::removePositionCategory (44 bytes)
Event: 14448.577 Thread 0x0000019749b619a0 nmethod 27555 0x000001973ac6c410 code [0x000001973ac6c600, 0x000001973ac6cc18]
Event: 14448.577 Thread 0x0000019749b619a0 27556       3       org.eclipse.core.internal.filebuffers.AbstractFileBuffer::dispose (1 bytes)
Event: 14448.577 Thread 0x0000019749b619a0 nmethod 27556 0x0000019739728b10 code [0x0000019739728ca0, 0x0000019739728d98]

GC Heap History (20 events):
Event: 14448.446 GC heap after
{Heap after GC invocations=14569 (full 532):
 PSYoungGen      total 3072K, used 496K [0x00000000eab00000, 0x00000000eb000000, 0x0000000100000000)
  eden space 2560K, 0% used [0x00000000eab00000,0x00000000eab00000,0x00000000ead80000)
  from space 512K, 96% used [0x00000000eaf00000,0x00000000eaf7c010,0x00000000eaf80000)
  to   space 512K, 0% used [0x00000000eaf80000,0x00000000eaf80000,0x00000000eb000000)
 ParOldGen       total 169984K, used 156976K [0x00000000c0000000, 0x00000000ca600000, 0x00000000eab00000)
  object space 169984K, 92% used [0x00000000c0000000,0x00000000c994c0e8,0x00000000ca600000)
 Metaspace       used 84805K, capacity 87772K, committed 88112K, reserved 1128448K
  class space    used 7957K, capacity 8969K, committed 9088K, reserved 1048576K
}
Event: 14448.450 GC heap before
{Heap before GC invocations=14570 (full 532):
 PSYoungGen      total 3072K, used 3056K [0x00000000eab00000, 0x00000000eb000000, 0x0000000100000000)
  eden space 2560K, 100% used [0x00000000eab00000,0x00000000ead80000,0x00000000ead80000)
  from space 512K, 96% used [0x00000000eaf00000,0x00000000eaf7c010,0x00000000eaf80000)
  to   space 512K, 0% used [0x00000000eaf80000,0x00000000eaf80000,0x00000000eb000000)
 ParOldGen       total 169984K, used 156976K [0x00000000c0000000, 0x00000000ca600000, 0x00000000eab00000)
  object space 169984K, 92% used [0x00000000c0000000,0x00000000c994c0e8,0x00000000ca600000)
 Metaspace       used 84805K, capacity 87772K, committed 88112K, reserved 1128448K
  class space    used 7957K, capacity 8969K, committed 9088K, reserved 1048576K
}
Event: 14448.451 GC heap after
{Heap after GC invocations=14570 (full 532):
 PSYoungGen      total 3072K, used 272K [0x00000000eab00000, 0x00000000eb000000, 0x0000000100000000)
  eden space 2560K, 0% used [0x00000000eab00000,0x00000000eab00000,0x00000000ead80000)
  from space 512K, 53% used [0x00000000eaf80000,0x00000000eafc4010,0x00000000eb000000)
  to   space 512K, 0% used [0x00000000eaf00000,0x00000000eaf00000,0x00000000eaf80000)
 ParOldGen       total 169984K, used 157397K [0x00000000c0000000, 0x00000000ca600000, 0x00000000eab00000)
  object space 169984K, 92% used [0x00000000c0000000,0x00000000c99b5588,0x00000000ca600000)
 Metaspace       used 84805K, capacity 87772K, committed 88112K, reserved 1128448K
  class space    used 7957K, capacity 8969K, committed 9088K, reserved 1048576K
}
Event: 14448.456 GC heap before
{Heap before GC invocations=14571 (full 532):
 PSYoungGen      total 3072K, used 2832K [0x00000000eab00000, 0x00000000eb000000, 0x0000000100000000)
  eden space 2560K, 100% used [0x00000000eab00000,0x00000000ead80000,0x00000000ead80000)
  from space 512K, 53% used [0x00000000eaf80000,0x00000000eafc4010,0x00000000eb000000)
  to   space 512K, 0% used [0x00000000eaf00000,0x00000000eaf00000,0x00000000eaf80000)
 ParOldGen       total 169984K, used 157397K [0x00000000c0000000, 0x00000000ca600000, 0x00000000eab00000)
  object space 169984K, 92% used [0x00000000c0000000,0x00000000c99b5588,0x00000000ca600000)
 Metaspace       used 84805K, capacity 87772K, committed 88112K, reserved 1128448K
  class space    used 7957K, capacity 8969K, committed 9088K, reserved 1048576K
}
Event: 14448.456 GC heap after
{Heap after GC invocations=14571 (full 532):
 PSYoungGen      total 3072K, used 240K [0x00000000eab00000, 0x00000000eb000000, 0x0000000100000000)
  eden space 2560K, 0% used [0x00000000eab00000,0x00000000eab00000,0x00000000ead80000)
  from space 512K, 46% used [0x00000000eaf00000,0x00000000eaf3c010,0x00000000eaf80000)
  to   space 512K, 0% used [0x00000000eaf80000,0x00000000eaf80000,0x00000000eb000000)
 ParOldGen       total 169984K, used 157493K [0x00000000c0000000, 0x00000000ca600000, 0x00000000eab00000)
  object space 169984K, 92% used [0x00000000c0000000,0x00000000c99cd588,0x00000000ca600000)
 Metaspace       used 84805K, capacity 87772K, committed 88112K, reserved 1128448K
  class space    used 7957K, capacity 8969K, committed 9088K, reserved 1048576K
}
Event: 14448.589 GC heap before
{Heap before GC invocations=14572 (full 532):
 PSYoungGen      total 3072K, used 2468K [0x00000000eab00000, 0x00000000eb000000, 0x0000000100000000)
  eden space 2560K, 87% used [0x00000000eab00000,0x00000000ead2d000,0x00000000ead80000)
  from space 512K, 46% used [0x00000000eaf00000,0x00000000eaf3c010,0x00000000eaf80000)
  to   space 512K, 0% used [0x00000000eaf80000,0x00000000eaf80000,0x00000000eb000000)
 ParOldGen       total 169984K, used 157493K [0x00000000c0000000, 0x00000000ca600000, 0x00000000eab00000)
  object space 169984K, 92% used [0x00000000c0000000,0x00000000c99cd588,0x00000000ca600000)
 Metaspace       used 84807K, capacity 87772K, committed 88112K, reserved 1128448K
  class space    used 7957K, capacity 8969K, committed 9088K, reserved 1048576K
}
Event: 14448.590 GC heap after
{Heap after GC invocations=14572 (full 532):
 PSYoungGen      total 3072K, used 192K [0x00000000eab00000, 0x00000000eb000000, 0x0000000100000000)
  eden space 2560K, 0% used [0x00000000eab00000,0x00000000eab00000,0x00000000ead80000)
  from space 512K, 37% used [0x00000000eaf80000,0x00000000eafb0000,0x00000000eb000000)
  to   space 512K, 0% used [0x00000000eaf00000,0x00000000eaf00000,0x00000000eaf80000)
 ParOldGen       total 169984K, used 157867K [0x00000000c0000000, 0x00000000ca600000, 0x00000000eab00000)
  object space 169984K, 92% used [0x00000000c0000000,0x00000000c9a2adc0,0x00000000ca600000)
 Metaspace       used 84807K, capacity 87772K, committed 88112K, reserved 1128448K
  class space    used 7957K, capacity 8969K, committed 9088K, reserved 1048576K
}
Event: 14448.594 GC heap before
{Heap before GC invocations=14573 (full 532):
 PSYoungGen      total 3072K, used 2752K [0x00000000eab00000, 0x00000000eb000000, 0x0000000100000000)
  eden space 2560K, 100% used [0x00000000eab00000,0x00000000ead80000,0x00000000ead80000)
  from space 512K, 37% used [0x00000000eaf80000,0x00000000eafb0000,0x00000000eb000000)
  to   space 512K, 0% used [0x00000000eaf00000,0x00000000eaf00000,0x00000000eaf80000)
 ParOldGen       total 169984K, used 157867K [0x00000000c0000000, 0x00000000ca600000, 0x00000000eab00000)
  object space 169984K, 92% used [0x00000000c0000000,0x00000000c9a2adc0,0x00000000ca600000)
 Metaspace       used 84807K, capacity 87772K, committed 88112K, reserved 1128448K
  class space    used 7957K, capacity 8969K, committed 9088K, reserved 1048576K
}
Event: 14448.596 GC heap after
{Heap after GC invocations=14573 (full 532):
 PSYoungGen      total 3072K, used 494K [0x00000000eab00000, 0x00000000eb380000, 0x0000000100000000)
  eden space 2560K, 0% used [0x00000000eab00000,0x00000000eab00000,0x00000000ead80000)
  from space 512K, 96% used [0x00000000eaf00000,0x00000000eaf7b838,0x00000000eaf80000)
  to   space 3072K, 0% used [0x00000000eb080000,0x00000000eb080000,0x00000000eb380000)
 ParOldGen       total 169984K, used 159963K [0x00000000c0000000, 0x00000000ca600000, 0x00000000eab00000)
  object space 169984K, 94% used [0x00000000c0000000,0x00000000c9c36dc0,0x00000000ca600000)
 Metaspace       used 84807K, capacity 87772K, committed 88112K, reserved 1128448K
  class space    used 7957K, capacity 8969K, committed 9088K, reserved 1048576K
}
Event: 14448.600 GC heap before
{Heap before GC invocations=14574 (full 532):
 PSYoungGen      total 3072K, used 3054K [0x00000000eab00000, 0x00000000eb380000, 0x0000000100000000)
  eden space 2560K, 100% used [0x00000000eab00000,0x00000000ead80000,0x00000000ead80000)
  from space 512K, 96% used [0x00000000eaf00000,0x00000000eaf7b838,0x00000000eaf80000)
  to   space 3072K, 0% used [0x00000000eb080000,0x00000000eb080000,0x00000000eb380000)
 ParOldGen       total 169984K, used 159963K [0x00000000c0000000, 0x00000000ca600000, 0x00000000eab00000)
  object space 169984K, 94% used [0x00000000c0000000,0x00000000c9c36dc0,0x00000000ca600000)
 Metaspace       used 84807K, capacity 87772K, committed 88112K, reserved 1128448K
  class space    used 7957K, capacity 8969K, committed 9088K, reserved 1048576K
}
Event: 14448.604 GC heap after
{Heap after GC invocations=14574 (full 532):
 PSYoungGen      total 5632K, used 2592K [0x00000000eab00000, 0x00000000eb400000, 0x0000000100000000)
  eden space 2560K, 0% used [0x00000000eab00000,0x00000000eab00000,0x00000000ead80000)
  from space 3072K, 84% used [0x00000000eb080000,0x00000000eb308000,0x00000000eb380000)
  to   space 3072K, 0% used [0x00000000ead80000,0x00000000ead80000,0x00000000eb080000)
 ParOldGen       total 169984K, used 160497K [0x00000000c0000000, 0x00000000ca600000, 0x00000000eab00000)
  object space 169984K, 94% used [0x00000000c0000000,0x00000000c9cbc5f8,0x00000000ca600000)
 Metaspace       used 84807K, capacity 87772K, committed 88112K, reserved 1128448K
  class space    used 7957K, capacity 8969K, committed 9088K, reserved 1048576K
}
Event: 14448.608 GC heap before
{Heap before GC invocations=14575 (full 532):
 PSYoungGen      total 5632K, used 5148K [0x00000000eab00000, 0x00000000eb400000, 0x0000000100000000)
  eden space 2560K, 99% used [0x00000000eab00000,0x00000000ead7f190,0x00000000ead80000)
  from space 3072K, 84% used [0x00000000eb080000,0x00000000eb308000,0x00000000eb380000)
  to   space 3072K, 0% used [0x00000000ead80000,0x00000000ead80000,0x00000000eb080000)
 ParOldGen       total 169984K, used 160497K [0x00000000c0000000, 0x00000000ca600000, 0x00000000eab00000)
  object space 169984K, 94% used [0x00000000c0000000,0x00000000c9cbc5f8,0x00000000ca600000)
 Metaspace       used 84807K, capacity 87772K, committed 88112K, reserved 1128448K
  class space    used 7957K, capacity 8969K, committed 9088K, reserved 1048576K
}
Event: 14448.613 GC heap after
{Heap after GC invocations=14575 (full 532):
 PSYoungGen      total 5632K, used 2592K [0x00000000eab00000, 0x00000000eb400000, 0x0000000100000000)
  eden space 2560K, 0% used [0x00000000eab00000,0x00000000eab00000,0x00000000ead80000)
  from space 3072K, 84% used [0x00000000ead80000,0x00000000eb008000,0x00000000eb080000)
  to   space 3072K, 0% used [0x00000000eb100000,0x00000000eb100000,0x00000000eb400000)
 ParOldGen       total 169984K, used 163049K [0x00000000c0000000, 0x00000000ca600000, 0x00000000eab00000)
  object space 169984K, 95% used [0x00000000c0000000,0x00000000c9f3a5f8,0x00000000ca600000)
 Metaspace       used 84807K, capacity 87772K, committed 88112K, reserved 1128448K
  class space    used 7957K, capacity 8969K, committed 9088K, reserved 1048576K
}
Event: 14448.622 GC heap before
{Heap before GC invocations=14576 (full 532):
 PSYoungGen      total 5632K, used 5152K [0x00000000eab00000, 0x00000000eb400000, 0x0000000100000000)
  eden space 2560K, 100% used [0x00000000eab00000,0x00000000ead80000,0x00000000ead80000)
  from space 3072K, 84% used [0x00000000ead80000,0x00000000eb008000,0x00000000eb080000)
  to   space 3072K, 0% used [0x00000000eb100000,0x00000000eb100000,0x00000000eb400000)
 ParOldGen       total 169984K, used 163049K [0x00000000c0000000, 0x00000000ca600000, 0x00000000eab00000)
  object space 169984K, 95% used [0x00000000c0000000,0x00000000c9f3a5f8,0x00000000ca600000)
 Metaspace       used 84807K, capacity 87772K, committed 88112K, reserved 1128448K
  class space    used 7957K, capacity 8969K, committed 9088K, reserved 1048576K
}
Event: 14448.626 GC heap after
{Heap after GC invocations=14576 (full 532):
 PSYoungGen      total 5120K, used 1896K [0x00000000eab00000, 0x00000000eb300000, 0x0000000100000000)
  eden space 3072K, 0% used [0x00000000eab00000,0x00000000eab00000,0x00000000eae00000)
  from space 2048K, 92% used [0x00000000eb100000,0x00000000eb2da000,0x00000000eb300000)
  to   space 2560K, 0% used [0x00000000eae00000,0x00000000eae00000,0x00000000eb080000)
 ParOldGen       total 169984K, used 165521K [0x00000000c0000000, 0x00000000ca600000, 0x00000000eab00000)
  object space 169984K, 97% used [0x00000000c0000000,0x00000000ca1a45f8,0x00000000ca600000)
 Metaspace       used 84807K, capacity 87772K, committed 88112K, reserved 1128448K
  class space    used 7957K, capacity 8969K, committed 9088K, reserved 1048576K
}
Event: 14448.649 GC heap before
{Heap before GC invocations=14577 (full 532):
 PSYoungGen      total 5120K, used 4968K [0x00000000eab00000, 0x00000000eb300000, 0x0000000100000000)
  eden space 3072K, 100% used [0x00000000eab00000,0x00000000eae00000,0x00000000eae00000)
  from space 2048K, 92% used [0x00000000eb100000,0x00000000eb2da000,0x00000000eb300000)
  to   space 2560K, 0% used [0x00000000eae00000,0x00000000eae00000,0x00000000eb080000)
 ParOldGen       total 169984K, used 165521K [0x00000000c0000000, 0x00000000ca600000, 0x00000000eab00000)
  object space 169984K, 97% used [0x00000000c0000000,0x00000000ca1a45f8,0x00000000ca600000)
 Metaspace       used 84807K, capacity 87772K, committed 88112K, reserved 1128448K
  class space    used 7957K, capacity 8969K, committed 9088K, reserved 1048576K
}
Event: 14448.652 GC heap after
{Heap after GC invocations=14577 (full 532):
 PSYoungGen      total 5632K, used 2554K [0x00000000eab00000, 0x00000000eba00000, 0x0000000100000000)
  eden space 3072K, 0% used [0x00000000eab00000,0x00000000eab00000,0x00000000eae00000)
  from space 2560K, 99% used [0x00000000eae00000,0x00000000eb07eb20,0x00000000eb080000)
  to   space 5632K, 0% used [0x00000000eb480000,0x00000000eb480000,0x00000000eba00000)
 ParOldGen       total 169984K, used 167833K [0x00000000c0000000, 0x00000000ca600000, 0x00000000eab00000)
  object space 169984K, 98% used [0x00000000c0000000,0x00000000ca3e65f8,0x00000000ca600000)
 Metaspace       used 84807K, capacity 87772K, committed 88112K, reserved 1128448K
  class space    used 7957K, capacity 8969K, committed 9088K, reserved 1048576K
}
Event: 14448.652 GC heap before
{Heap before GC invocations=14578 (full 533):
 PSYoungGen      total 5632K, used 2554K [0x00000000eab00000, 0x00000000eba00000, 0x0000000100000000)
  eden space 3072K, 0% used [0x00000000eab00000,0x00000000eab00000,0x00000000eae00000)
  from space 2560K, 99% used [0x00000000eae00000,0x00000000eb07eb20,0x00000000eb080000)
  to   space 5632K, 0% used [0x00000000eb480000,0x00000000eb480000,0x00000000eba00000)
 ParOldGen       total 169984K, used 167833K [0x00000000c0000000, 0x00000000ca600000, 0x00000000eab00000)
  object space 169984K, 98% used [0x00000000c0000000,0x00000000ca3e65f8,0x00000000ca600000)
 Metaspace       used 84807K, capacity 87772K, committed 88112K, reserved 1128448K
  class space    used 7957K, capacity 8969K, committed 9088K, reserved 1048576K
}
Event: 14448.718 GC heap after
{Heap after GC invocations=14578 (full 533):
 PSYoungGen      total 9728K, used 0K [0x00000000eab00000, 0x00000000eba00000, 0x0000000100000000)
  eden space 4096K, 0% used [0x00000000eab00000,0x00000000eab00000,0x00000000eaf00000)
  from space 5632K, 0% used [0x00000000eb480000,0x00000000eb480000,0x00000000eba00000)
  to   space 5632K, 0% used [0x00000000eaf00000,0x00000000eaf00000,0x00000000eb480000)
 ParOldGen       total 168448K, used 145649K [0x00000000c0000000, 0x00000000ca480000, 0x00000000eab00000)
  object space 168448K, 86% used [0x00000000c0000000,0x00000000c8e3c6f0,0x00000000ca480000)
 Metaspace       used 84807K, capacity 87772K, committed 88112K, reserved 1128448K
  class space    used 7957K, capacity 8969K, committed 9088K, reserved 1048576K
}
Event: 14448.723 GC heap before
{Heap before GC invocations=14579 (full 533):
 PSYoungGen      total 9728K, used 4096K [0x00000000eab00000, 0x00000000eba00000, 0x0000000100000000)
  eden space 4096K, 100% used [0x00000000eab00000,0x00000000eaf00000,0x00000000eaf00000)
  from space 5632K, 0% used [0x00000000eb480000,0x00000000eb480000,0x00000000eba00000)
  to   space 5632K, 0% used [0x00000000eaf00000,0x00000000eaf00000,0x00000000eb480000)
 ParOldGen       total 168448K, used 145649K [0x00000000c0000000, 0x00000000ca480000, 0x00000000eab00000)
  object space 168448K, 86% used [0x00000000c0000000,0x00000000c8e3c6f0,0x00000000ca480000)
 Metaspace       used 84807K, capacity 87772K, committed 88112K, reserved 1128448K
  class space    used 7957K, capacity 8969K, committed 9088K, reserved 1048576K
}

Deoptimization events (20 events):
Event: 14298.006 Thread 0x000001975ca856a0 Uncommon trap: trap_request=0xffffff45 fr.pc=0x0000019740ae7fcc relative=0x000000000000022c
Event: 14298.006 Thread 0x000001975ca856a0 Uncommon trap: reason=unstable_if action=reinterpret pc=0x0000019740ae7fcc method=org.eclipse.jdt.core.formatter.IndentManipulation.measureIndentInSpaces(Ljava/lang/CharSequence;I)I @ 62 c2
Event: 14298.006 Thread 0x000001975ca856a0 DEOPT PACKING pc=0x0000019740ae7fcc sp=0x000000272d3fe200
Event: 14298.006 Thread 0x000001975ca856a0 DEOPT UNPACKING pc=0x00000197381ee42f sp=0x000000272d3fe190 mode 2
Event: 14305.548 Thread 0x000001975ca856a0 Uncommon trap: trap_request=0xffffff45 fr.pc=0x000001974116861c relative=0x000000000000123c
Event: 14305.548 Thread 0x000001975ca856a0 Uncommon trap: reason=unstable_if action=reinterpret pc=0x000001974116861c method=org.eclipse.jdt.internal.core.util.PublicScanner.getNextToken()I @ 2987 c2
Event: 14305.548 Thread 0x000001975ca856a0 DEOPT PACKING pc=0x000001974116861c sp=0x000000272d3fe390
Event: 14305.548 Thread 0x000001975ca856a0 DEOPT UNPACKING pc=0x00000197381ee42f sp=0x000000272d3fe2d0 mode 2
Event: 14328.018 Thread 0x000001975ca856a0 Uncommon trap: trap_request=0xffffffc6 fr.pc=0x000001974146a5d4 relative=0x0000000000000db4
Event: 14328.018 Thread 0x000001975ca856a0 Uncommon trap: reason=bimorphic_or_optimized_type_check action=maybe_recompile pc=0x000001974146a5d4 method=org.eclipse.jdt.core.dom.DefaultBindingResolver.resolveExpressionType(Lorg/eclipse/jdt/core/dom/Expression;)Lorg/eclipse/jdt/core/dom/ITypeBinding;
Event: 14328.018 Thread 0x000001975ca856a0 DEOPT PACKING pc=0x000001974146a5d4 sp=0x000000272d3fde30
Event: 14328.018 Thread 0x000001975ca856a0 DEOPT UNPACKING pc=0x00000197381ee42f sp=0x000000272d3fdda0 mode 2
Event: 14328.018 Thread 0x000001975ca856a0 Uncommon trap: trap_request=0xffffffc6 fr.pc=0x000001974146a5d4 relative=0x0000000000000db4
Event: 14328.018 Thread 0x000001975ca856a0 Uncommon trap: reason=bimorphic_or_optimized_type_check action=maybe_recompile pc=0x000001974146a5d4 method=org.eclipse.jdt.core.dom.DefaultBindingResolver.resolveExpressionType(Lorg/eclipse/jdt/core/dom/Expression;)Lorg/eclipse/jdt/core/dom/ITypeBinding;
Event: 14328.018 Thread 0x000001975ca856a0 DEOPT PACKING pc=0x000001974146a5d4 sp=0x000000272d3fde30
Event: 14328.018 Thread 0x000001975ca856a0 DEOPT UNPACKING pc=0x00000197381ee42f sp=0x000000272d3fdda0 mode 2
Event: 14331.228 Thread 0x000001975ca856a0 DEOPT PACKING pc=0x0000019739325323 sp=0x000000272d3fe470
Event: 14331.228 Thread 0x000001975ca856a0 DEOPT UNPACKING pc=0x00000197381ee23f sp=0x000000272d3fd908 mode 0
Event: 14336.462 Thread 0x000001975ca81ce0 DEOPT PACKING pc=0x000001973abfbfd1 sp=0x000000272f5fedf0
Event: 14336.462 Thread 0x000001975ca81ce0 DEOPT UNPACKING pc=0x00000197381ee23f sp=0x000000272f5fe388 mode 0

Classes unloaded (20 events):
Event: 5250.049 Thread 0x0000019749b42090 Unloading class 0x00000008013ed440 'jdk/internal/reflect/GeneratedConstructorAccessor80'
Event: 5250.049 Thread 0x0000019749b42090 Unloading class 0x00000008013ed840 'jdk/internal/reflect/GeneratedConstructorAccessor78'
Event: 5250.049 Thread 0x0000019749b42090 Unloading class 0x00000008013ee440 'jdk/internal/reflect/GeneratedConstructorAccessor77'
Event: 5862.961 Thread 0x0000019749b42090 Unloading class 0x00000008013ec840 'jdk/internal/reflect/GeneratedConstructorAccessor81'
Event: 6617.216 Thread 0x0000019749b42090 Unloading class 0x00000008013ed040 'jdk/internal/reflect/GeneratedConstructorAccessor79'
Event: 6617.216 Thread 0x0000019749b42090 Unloading class 0x00000008013edc40 'jdk/internal/reflect/GeneratedMethodAccessor24'
Event: 6617.216 Thread 0x0000019749b42090 Unloading class 0x00000008013ee040 'jdk/internal/reflect/GeneratedSerializationConstructorAccessor12'
Event: 6617.216 Thread 0x0000019749b42090 Unloading class 0x00000008013eec40 'jdk/internal/reflect/GeneratedSerializationConstructorAccessor11'
Event: 6617.216 Thread 0x0000019749b42090 Unloading class 0x00000008013ee840 'jdk/internal/reflect/GeneratedSerializationConstructorAccessor10'
Event: 6617.216 Thread 0x0000019749b42090 Unloading class 0x00000008013ef440 'jdk/internal/reflect/GeneratedSerializationConstructorAccessor9'
Event: 6617.216 Thread 0x0000019749b42090 Unloading class 0x00000008013ef040 'jdk/internal/reflect/GeneratedConstructorAccessor76'
Event: 6617.216 Thread 0x0000019749b42090 Unloading class 0x0000000800dcdc40 'jdk/internal/reflect/GeneratedConstructorAccessor75'
Event: 6617.216 Thread 0x0000019749b42090 Unloading class 0x0000000800dcd840 'jdk/internal/reflect/GeneratedConstructorAccessor74'
Event: 13535.317 Thread 0x0000019749b42090 Unloading class 0x00000008013ee440 'jdk/internal/reflect/GeneratedSerializationConstructorAccessor16'
Event: 13535.317 Thread 0x0000019749b42090 Unloading class 0x00000008013ee040 'jdk/internal/reflect/GeneratedSerializationConstructorAccessor15'
Event: 13535.317 Thread 0x0000019749b42090 Unloading class 0x00000008013edc40 'jdk/internal/reflect/GeneratedSerializationConstructorAccessor14'
Event: 13535.317 Thread 0x0000019749b42090 Unloading class 0x00000008013ed840 'jdk/internal/reflect/GeneratedSerializationConstructorAccessor13'
Event: 13535.317 Thread 0x0000019749b42090 Unloading class 0x00000008013ed440 'jdk/internal/reflect/GeneratedConstructorAccessor84'
Event: 13535.317 Thread 0x0000019749b42090 Unloading class 0x00000008013ed040 'jdk/internal/reflect/GeneratedConstructorAccessor83'
Event: 13535.317 Thread 0x0000019749b42090 Unloading class 0x000000080123f440 'jdk/internal/reflect/GeneratedConstructorAccessor82'

Classes redefined (0 events):
No events

Internal exceptions (20 events):
Event: 13509.627 Thread 0x000001975ca809a0 Exception <a 'java/lang/ClassNotFoundException'{0x00000000eadd43d8}: sun/net/www/protocol/jdt/Handler> (0x00000000eadd43d8) 
thrown [./src/hotspot/share/classfile/systemDictionary.cpp, line 295]
Event: 13509.627 Thread 0x000001975ca809a0 Exception <a 'java/lang/ClassNotFoundException'{0x00000000eade6b08}: sun/net/www/protocol/jdt/Handler> (0x00000000eade6b08) 
thrown [./src/hotspot/share/classfile/systemDictionary.cpp, line 295]
Event: 13510.420 Thread 0x000001975ca809a0 Exception <a 'java/lang/ClassNotFoundException'{0x00000000eac8cbb8}: sun/net/www/protocol/jdt/Handler> (0x00000000eac8cbb8) 
thrown [./src/hotspot/share/classfile/systemDictionary.cpp, line 295]
Event: 13510.420 Thread 0x000001975ca809a0 Exception <a 'java/lang/ClassNotFoundException'{0x00000000eac9f348}: sun/net/www/protocol/jdt/Handler> (0x00000000eac9f348) 
thrown [./src/hotspot/share/classfile/systemDictionary.cpp, line 295]
Event: 13636.772 Thread 0x000001974b9e4870 Exception <a 'java/lang/NullPointerException'{0x00000000ead83748}> (0x00000000ead83748) 
thrown [./src/hotspot/share/interpreter/linkResolver.cpp, line 1374]
Event: 13841.715 Thread 0x000001975ca82b50 Exception <a 'java/lang/NullPointerException'{0x00000000ead61fe0}> (0x00000000ead61fe0) 
thrown [./src/hotspot/share/interpreter/linkResolver.cpp, line 1374]
Event: 14290.765 Thread 0x000001975ca856a0 Exception <a 'java/lang/ClassNotFoundException'{0x00000000eada8f40}: sun/net/www/protocol/jdt/Handler> (0x00000000eada8f40) 
thrown [./src/hotspot/share/classfile/systemDictionary.cpp, line 295]
Event: 14290.765 Thread 0x000001975ca856a0 Exception <a 'java/lang/ClassNotFoundException'{0x00000000eadab410}: sun/net/www/protocol/jdt/Handler> (0x00000000eadab410) 
thrown [./src/hotspot/share/classfile/systemDictionary.cpp, line 295]
Event: 14299.872 Thread 0x000001975ca856a0 Exception <a 'java/lang/ClassNotFoundException'{0x00000000ead1d760}: sun/net/www/protocol/jdt/Handler> (0x00000000ead1d760) 
thrown [./src/hotspot/share/classfile/systemDictionary.cpp, line 295]
Event: 14299.872 Thread 0x000001975ca856a0 Exception <a 'java/lang/ClassNotFoundException'{0x00000000ead1fc30}: sun/net/www/protocol/jdt/Handler> (0x00000000ead1fc30) 
thrown [./src/hotspot/share/classfile/systemDictionary.cpp, line 295]
Event: 14305.548 Thread 0x000001975ca856a0 Exception <a 'java/lang/ArrayIndexOutOfBoundsException'{0x00000000eadab4c8}: Index 80 out of bounds for length 79> (0x00000000eadab4c8) 
thrown [./src/hotspot/share/interpreter/interpreterRuntime.cpp, line 443]
Event: 14334.194 Thread 0x000001975ca86510 Exception <a 'java/lang/ArrayIndexOutOfBoundsException'{0x00000000eadfed88}> (0x00000000eadfed88) 
thrown [./src/hotspot/share/runtime/sharedRuntime.cpp, line 585]
Event: 14334.194 Thread 0x000001975ca86510 Exception <a 'java/lang/ArrayIndexOutOfBoundsException'{0x00000000eadff0a8}> (0x00000000eadff0a8) 
thrown [./src/hotspot/share/runtime/sharedRuntime.cpp, line 585]
Event: 14334.195 Thread 0x000001975ca86510 Exception <a 'java/lang/ArrayIndexOutOfBoundsException'{0x00000000eb2002c8}> (0x00000000eb2002c8) 
thrown [./src/hotspot/share/runtime/sharedRuntime.cpp, line 585]
Event: 14336.462 Thread 0x000001975ca81ce0 Exception <a 'java/lang/ArrayIndexOutOfBoundsException'{0x00000000eae3ed58}> (0x00000000eae3ed58) 
thrown [./src/hotspot/share/runtime/sharedRuntime.cpp, line 585]
Event: 14336.462 Thread 0x000001975ca81ce0 Exception <a 'java/lang/ArrayIndexOutOfBoundsException'{0x00000000eae3f078}> (0x00000000eae3f078) 
thrown [./src/hotspot/share/runtime/sharedRuntime.cpp, line 585]
Event: 14336.462 Thread 0x000001975ca81ce0 Exception <a 'java/lang/ArrayIndexOutOfBoundsException'{0x00000000eae3f398}> (0x00000000eae3f398) 
thrown [./src/hotspot/share/runtime/sharedRuntime.cpp, line 585]
Event: 14339.592 Thread 0x000001975ca86510 Exception <a 'java/lang/ArrayIndexOutOfBoundsException'{0x00000000eac12078}> (0x00000000eac12078) 
thrown [./src/hotspot/share/runtime/sharedRuntime.cpp, line 585]
Event: 14339.592 Thread 0x000001975ca86510 Exception <a 'java/lang/ArrayIndexOutOfBoundsException'{0x00000000eac12398}> (0x00000000eac12398) 
thrown [./src/hotspot/share/runtime/sharedRuntime.cpp, line 585]
Event: 14339.592 Thread 0x000001975ca86510 Exception <a 'java/lang/ArrayIndexOutOfBoundsException'{0x00000000eac126b8}> (0x00000000eac126b8) 
thrown [./src/hotspot/share/runtime/sharedRuntime.cpp, line 585]

Events (20 events):
Event: 14448.451 Executing VM operation: HandshakeAllThreads
Event: 14448.451 Executing VM operation: HandshakeAllThreads done
Event: 14448.456 Executing VM operation: ParallelGCFailedAllocation
Event: 14448.456 Executing VM operation: ParallelGCFailedAllocation done
Event: 14448.589 Executing VM operation: ParallelGCFailedAllocation
Event: 14448.590 Executing VM operation: ParallelGCFailedAllocation done
Event: 14448.590 Executing VM operation: HandshakeAllThreads
Event: 14448.590 Executing VM operation: HandshakeAllThreads done
Event: 14448.594 Executing VM operation: ParallelGCFailedAllocation
Event: 14448.596 Executing VM operation: ParallelGCFailedAllocation done
Event: 14448.600 Executing VM operation: ParallelGCFailedAllocation
Event: 14448.604 Executing VM operation: ParallelGCFailedAllocation done
Event: 14448.608 Executing VM operation: ParallelGCFailedAllocation
Event: 14448.613 Executing VM operation: ParallelGCFailedAllocation done
Event: 14448.622 Executing VM operation: ParallelGCFailedAllocation
Event: 14448.626 Executing VM operation: ParallelGCFailedAllocation done
Event: 14448.649 Executing VM operation: ParallelGCFailedAllocation
Event: 14448.718 Executing VM operation: ParallelGCFailedAllocation done
Event: 14448.720 Thread 0x000001974b9e9570 Thread added: 0x000001974b9e9570
Event: 14448.723 Executing VM operation: ParallelGCFailedAllocation


Dynamic libraries:
0x00007ff705ff0000 - 0x00007ff705ffd000 	C:\Program Files\AdoptOpenJDK\jdk-15.0.2.7-hotspot\bin\java.exe
0x00007ffe8d930000 - 0x00007ffe8db25000 	C:\WINDOWS\SYSTEM32\ntdll.dll
0x00007ffe8b980000 - 0x00007ffe8ba3e000 	C:\WINDOWS\System32\KERNEL32.DLL
0x00007ffe8b320000 - 0x00007ffe8b5e9000 	C:\WINDOWS\System32\KERNELBASE.dll
0x00007ffe8b850000 - 0x00007ffe8b950000 	C:\WINDOWS\System32\ucrtbase.dll
0x00007ffe7d9e0000 - 0x00007ffe7d9f8000 	C:\Program Files\AdoptOpenJDK\jdk-15.0.2.7-hotspot\bin\jli.dll
0x00007ffe8c980000 - 0x00007ffe8cb21000 	C:\WINDOWS\System32\USER32.dll
0x00007ffe8b950000 - 0x00007ffe8b972000 	C:\WINDOWS\System32\win32u.dll
0x00007ffe8ce80000 - 0x00007ffe8ceab000 	C:\WINDOWS\System32\GDI32.dll
0x00007ffe8b5f0000 - 0x00007ffe8b6fb000 	C:\WINDOWS\System32\gdi32full.dll
0x00007ffe8b7b0000 - 0x00007ffe8b84d000 	C:\WINDOWS\System32\msvcp_win.dll
0x00007ffe7e880000 - 0x00007ffe7eb1a000 	C:\WINDOWS\WinSxS\amd64_microsoft.windows.common-controls_6595b64144ccf1df_6.0.19041.1110_none_60b5254171f9507e\COMCTL32.dll
0x00007ffe8bdb0000 - 0x00007ffe8be4e000 	C:\WINDOWS\System32\msvcrt.dll
0x00007ffe7d520000 - 0x00007ffe7d535000 	C:\Program Files\AdoptOpenJDK\jdk-15.0.2.7-hotspot\bin\VCRUNTIME140.dll
0x00007ffe8c840000 - 0x00007ffe8c870000 	C:\WINDOWS\System32\IMM32.DLL
0x00007ffe5e460000 - 0x00007ffe5e4fb000 	C:\Program Files\AdoptOpenJDK\jdk-15.0.2.7-hotspot\bin\msvcp140.dll
0x00007ffe3e350000 - 0x00007ffe3eedf000 	C:\Program Files\AdoptOpenJDK\jdk-15.0.2.7-hotspot\bin\server\jvm.dll
0x00007ffe8c670000 - 0x00007ffe8c71c000 	C:\WINDOWS\System32\ADVAPI32.dll
0x00007ffe8c870000 - 0x00007ffe8c90b000 	C:\WINDOWS\System32\sechost.dll
0x00007ffe8c540000 - 0x00007ffe8c66a000 	C:\WINDOWS\System32\RPCRT4.dll
0x00007ffe8bda0000 - 0x00007ffe8bda8000 	C:\WINDOWS\System32\PSAPI.DLL
0x00007ffe6f6b0000 - 0x00007ffe6f6b9000 	C:\WINDOWS\SYSTEM32\WSOCK32.dll
0x00007ffe8c720000 - 0x00007ffe8c78b000 	C:\WINDOWS\System32\WS2_32.dll
0x00007ffe814b0000 - 0x00007ffe814d7000 	C:\WINDOWS\SYSTEM32\WINMM.dll
0x00007ffe84430000 - 0x00007ffe8443a000 	C:\WINDOWS\SYSTEM32\VERSION.dll
0x00007ffe88f30000 - 0x00007ffe88f42000 	C:\WINDOWS\SYSTEM32\kernel.appcore.dll
0x00007ffe81410000 - 0x00007ffe8141a000 	C:\Program Files\AdoptOpenJDK\jdk-15.0.2.7-hotspot\bin\jimage.dll
0x00007ffe70b00000 - 0x00007ffe70ce4000 	C:\WINDOWS\SYSTEM32\DBGHELP.DLL
0x00007ffe6f810000 - 0x00007ffe6f83c000 	C:\WINDOWS\SYSTEM32\dbgcore.DLL
0x00007ffe8b050000 - 0x00007ffe8b0d3000 	C:\WINDOWS\System32\bcryptPrimitives.dll
0x00007ffe79eb0000 - 0x00007ffe79ed5000 	C:\Program Files\AdoptOpenJDK\jdk-15.0.2.7-hotspot\bin\java.dll
0x00007ffe8d070000 - 0x00007ffe8d7af000 	C:\WINDOWS\System32\SHELL32.dll
0x00007ffe89130000 - 0x00007ffe898c0000 	C:\WINDOWS\SYSTEM32\windows.storage.dll
0x00007ffe8ba40000 - 0x00007ffe8bd95000 	C:\WINDOWS\System32\combase.dll
0x00007ffe8a9c0000 - 0x00007ffe8a9ec000 	C:\WINDOWS\SYSTEM32\Wldp.dll
0x00007ffe8c2d0000 - 0x00007ffe8c37d000 	C:\WINDOWS\System32\SHCORE.dll
0x00007ffe8d7b0000 - 0x00007ffe8d805000 	C:\WINDOWS\System32\shlwapi.dll
0x00007ffe8af90000 - 0x00007ffe8afaf000 	C:\WINDOWS\SYSTEM32\profapi.dll
0x00007ffe7a480000 - 0x00007ffe7a499000 	C:\Program Files\AdoptOpenJDK\jdk-15.0.2.7-hotspot\bin\net.dll
0x00007ffe827e0000 - 0x00007ffe828e8000 	C:\WINDOWS\SYSTEM32\WINHTTP.dll
0x00007ffe8a7a0000 - 0x00007ffe8a80a000 	C:\WINDOWS\system32\mswsock.dll
0x00007ffe79e90000 - 0x00007ffe79ea2000 	C:\Program Files\AdoptOpenJDK\jdk-15.0.2.7-hotspot\bin\nio.dll
0x00007ffe6cfd0000 - 0x00007ffe6cfe8000 	C:\Program Files\AdoptOpenJDK\jdk-15.0.2.7-hotspot\bin\zip.dll
0x00007ffe8aa00000 - 0x00007ffe8aa18000 	C:\WINDOWS\SYSTEM32\CRYPTSP.dll
0x00007ffe8a0d0000 - 0x00007ffe8a104000 	C:\WINDOWS\system32\rsaenh.dll
0x00007ffe8b240000 - 0x00007ffe8b267000 	C:\WINDOWS\System32\bcrypt.dll
0x00007ffe8af50000 - 0x00007ffe8af7e000 	C:\WINDOWS\SYSTEM32\USERENV.dll
0x00007ffe8a930000 - 0x00007ffe8a93c000 	C:\WINDOWS\SYSTEM32\CRYPTBASE.dll
0x00007ffe8a460000 - 0x00007ffe8a49b000 	C:\WINDOWS\SYSTEM32\IPHLPAPI.DLL
0x00007ffe8c530000 - 0x00007ffe8c538000 	C:\WINDOWS\System32\NSI.dll
0x00007ffe844c0000 - 0x00007ffe844d7000 	C:\WINDOWS\SYSTEM32\dhcpcsvc6.DLL
0x00007ffe844a0000 - 0x00007ffe844bd000 	C:\WINDOWS\SYSTEM32\dhcpcsvc.DLL
0x00007ffe8a4b0000 - 0x00007ffe8a57c000 	C:\WINDOWS\SYSTEM32\DNSAPI.dll
0x00007ffe5ed30000 - 0x00007ffe5ed6e000 	C:\Users\adeel\AppData\Roaming\Code\User\globalStorage\redhat.java\1.0.0\config_win\org.eclipse.equinox.launcher\org.eclipse.equinox.launcher.win32.win32.x86_64_1.2.400.v20210928-1041\eclipse_11600.dll
0x00007ffe8ceb0000 - 0x00007ffe8cfda000 	C:\WINDOWS\System32\ole32.dll
0x00007ffe80190000 - 0x00007ffe801a0000 	C:\Program Files\AdoptOpenJDK\jdk-15.0.2.7-hotspot\bin\verify.dll
0x00007ffe6bc30000 - 0x00007ffe6bc41000 	C:\Users\adeel\AppData\Roaming\Code\User\globalStorage\redhat.java\1.0.0\config_win\org.eclipse.osgi\22\0\.cp\jWinHttp-1.0.0.dll
0x00007ffe7d560000 - 0x00007ffe7d56e000 	C:\Program Files\AdoptOpenJDK\jdk-15.0.2.7-hotspot\bin\sunmscapi.dll
0x00007ffe8b0e0000 - 0x00007ffe8b236000 	C:\WINDOWS\System32\CRYPT32.dll
0x00007ffe8ab10000 - 0x00007ffe8ab37000 	C:\WINDOWS\SYSTEM32\ncrypt.dll
0x00007ffe8aad0000 - 0x00007ffe8ab0b000 	C:\WINDOWS\SYSTEM32\NTASN1.dll
0x00007ffe81d60000 - 0x00007ffe81d6a000 	C:\Windows\System32\rasadhlp.dll
0x00007ffe81da0000 - 0x00007ffe81e1f000 	C:\WINDOWS\System32\fwpuclnt.dll

dbghelp: loaded successfully - version: 4.0.5 - missing functions: none
symbol engine: initialized successfully - sym options: 0x614 - pdb path: .;C:\Program Files\AdoptOpenJDK\jdk-15.0.2.7-hotspot\bin;C:\WINDOWS\SYSTEM32;C:\WINDOWS\WinSxS\amd64_microsoft.windows.common-controls_6595b64144ccf1df_6.0.19041.1110_none_60b5254171f9507e;C:\Program Files\AdoptOpenJDK\jdk-15.0.2.7-hotspot\bin\server;C:\Users\adeel\AppData\Roaming\Code\User\globalStorage\redhat.java\1.0.0\config_win\org.eclipse.equinox.launcher\org.eclipse.equinox.launcher.win32.win32.x86_64_1.2.400.v20210928-1041;C:\Users\adeel\AppData\Roaming\Code\User\globalStorage\redhat.java\1.0.0\config_win\org.eclipse.osgi\22\0\.cp

VM Arguments:
jvm_args: --add-modules=ALL-SYSTEM --add-opens=java.base/java.util=ALL-UNNAMED --add-opens=java.base/java.lang=ALL-UNNAMED -Declipse.application=org.eclipse.jdt.ls.core.id1 -Dosgi.bundles.defaultStartLevel=4 -Declipse.product=org.eclipse.jdt.ls.core.product -Dfile.encoding=utf8 -DwatchParentProcess=false -XX:+UseParallelGC -XX:GCTimeRatio=4 -XX:AdaptiveSizePolicyWeight=90 -Dsun.zip.disableMemoryMapping=true -Xmx1G -Xms100m 
java_command: c:\Users\adeel\.vscode\extensions\redhat.java-1.0.0\server\plugins\org.eclipse.equinox.launcher_1.6.400.v20210924-0641.jar -configuration c:\Users\adeel\AppData\Roaming\Code\User\globalStorage\redhat.java\1.0.0\config_win -data c:\Users\adeel\AppData\Roaming\Code\User\workspaceStorage\23a90b3420f26237c3f87426d95d8ea5\redhat.java\jdt_ws
java_class_path (initial): c:\Users\adeel\.vscode\extensions\redhat.java-1.0.0\server\plugins\org.eclipse.equinox.launcher_1.6.400.v20210924-0641.jar
Launcher Type: SUN_STANDARD

[Global flags]
    uintx AdaptiveSizePolicyWeight                 = 90                                        {product} {command line}
     intx CICompilerCount                          = 3                                         {product} {ergonomic}
    uintx GCTimeRatio                              = 4                                         {product} {command line}
   size_t InitialHeapSize                          = 104857600                                 {product} {command line}
   size_t MaxHeapSize                              = 1073741824                                {product} {command line}
   size_t MaxNewSize                               = 357564416                                 {product} {ergonomic}
   size_t MinHeapDeltaBytes                        = 524288                                    {product} {ergonomic}
   size_t MinHeapSize                              = 104857600                                 {product} {command line}
   size_t NewSize                                  = 34603008                                  {product} {ergonomic}
    uintx NonNMethodCodeHeapSize                   = 5832780                                {pd product} {ergonomic}
    uintx NonProfiledCodeHeapSize                  = 122912730                              {pd product} {ergonomic}
   size_t OldSize                                  = 70254592                                  {product} {ergonomic}
    uintx ProfiledCodeHeapSize                     = 122912730                              {pd product} {ergonomic}
    uintx ReservedCodeCacheSize                    = 251658240                              {pd product} {ergonomic}
     bool SegmentedCodeCache                       = true                                      {product} {ergonomic}
   size_t SoftMaxHeapSize                          = 1073741824                             {manageable} {ergonomic}
     bool UseCompressedClassPointers               = true                                 {lp64_product} {ergonomic}
     bool UseCompressedOops                        = true                                 {lp64_product} {ergonomic}
     bool UseLargePagesIndividualAllocation        = false                                  {pd product} {ergonomic}
     bool UseParallelGC                            = true                                      {product} {command line}

Logging:
Log output configuration:
 #0: stdout all=warning uptime,level,tags
 #1: stderr all=off uptime,level,tags

Environment Variables:
PATH=C:\Python39\Scripts\;C:\Python39\;C:\Program Files\AdoptOpenJDK\jdk-15.0.2.7-hotspot\bin;C:\Program Files (x86)\Common Files\Oracle\Java\javapath;C:\Program Files (x86)\Intel\Intel(R) Management Engine Components\iCLS\;C:\Program Files\Intel\Intel(R) Management Engine Components\iCLS\;C:\Windows\system32;C:\Windows;C:\Windows\System32\Wbem;C:\Windows\System32\WindowsPowerShell\v1.0\;C:\Program Files (x86)\Intel\Intel(R) Management Engine Components\DAL;C:\Program Files\Intel\Intel(R) Management Engine Components\DAL;C:\Program Files (x86)\Intel\Intel(R) Management Engine Components\IPT;C:\Program Files\Intel\Intel(R) Management Engine Components\IPT;C:\WINDOWS\system32;C:\WINDOWS;C:\WINDOWS\System32\Wbem;C:\WINDOWS\System32\WindowsPowerShell\v1.0\;C:\WINDOWS\System32\OpenSSH\;C:\Program Files\NVIDIA Corporation\NVIDIA NvDLISR;C:\WINDOWS\system32;C:\WINDOWS;C:\WINDOWS\System32\Wbem;C:\WINDOWS\System32\WindowsPowerShell\v1.0\;C:\WINDOWS\System32\OpenSSH\;D:\Program\Git\cmd;D:\Program\NodeJS\;C:\ProgramData\chocolatey\bin;;C:\Program Files (x86)\NVIDIA Corporation\PhysX\Common;C:\Users\adeel\AppData\Local\Microsoft\WindowsApps;D:\platform-tools;D:\Program\Microsoft VS Code\bin;C:\Program Files\Java\jre1.8.0_281\bin;C:\Program Files\Java\jdk-15.0.2\bin;C:\Users\adeel\AppData\Local\GitHubDesktop\bin;C:\Users\adeel\AppData\Roaming\npm
USERNAME=adeel
OS=Windows_NT
PROCESSOR_IDENTIFIER=Intel64 Family 6 Model 158 Stepping 10, GenuineIntel



---------------  S Y S T E M  ---------------

OS:
 Windows 10 , 64 bit Build 19041 (10.0.19041.1202)
OS uptime: 11 days 3:44 hours
HyperV virtualization detected

CPU: total 6 (initial active 6) (6 cores per cpu, 1 threads per core) family 6 model 158 stepping 10 microcode 0xb4, cmov, cx8, fxsr, mmx, sse, sse2, sse3, ssse3, sse4.1, sse4.2, popcnt, vzeroupper, avx, avx2, aes, clmul, erms, rtm, 3dnowpref, lzcnt, tsc, tscinvbit, bmi1, bmi2, adx, fma, clflush, clflushopt

Memory: 4k page, system-wide physical 16319M (8721M free)
TotalPageFile size 26559M (AvailPageFile size 11396M)
current process WorkingSet (physical memory assigned to process): 441M, peak: 504M
current process commit charge ("private bytes"): 501M, peak: 520M

vm_info: OpenJDK 64-Bit Server VM (15.0.2+7) for windows-amd64 JRE (15.0.2+7), built on Jan 21 2021 05:54:57 by "" with MS VC++ 15.9 (VS2017)

END.
